Arguments: 
  /Users/toddmoy/.nvm/versions/node/v11.4.0/bin/node /usr/local/Cellar/yarn/1.17.3/libexec/bin/yarn.js

PATH: 
  /Users/toddmoy/.rvm/gems/ruby-2.4.5/bin:/Users/toddmoy/.rvm/gems/ruby-2.4.5@global/bin:/Users/toddmoy/.rvm/rubies/ruby-2.4.5/bin:/Users/toddmoy/.nvm/versions/node/v11.4.0/bin:/usr/local/bin:/usr/bin:/bin:/usr/sbin:/sbin:/Library/Apple/usr/bin:/Library/Apple/bin:/Users/toddmoy/bin:/usr/local/Cellar/postgresql@9.6/9.6.10/bin:/usr/local/bin:/Users/toddmoy/.rvm/bin

Yarn version: 
  1.17.3

Node version: 
  11.4.0

Platform: 
  darwin x64

Trace: 
  SyntaxError: /Users/toddmoy/repos/toddmoy/terraform-icon-audit/package.json: Unexpected token } in JSON at position 281
      at JSON.parse (<anonymous>)
      at /usr/local/Cellar/yarn/1.17.3/libexec/lib/cli.js:1625:59
      at Generator.next (<anonymous>)
      at step (/usr/local/Cellar/yarn/1.17.3/libexec/lib/cli.js:304:30)
      at /usr/local/Cellar/yarn/1.17.3/libexec/lib/cli.js:315:13

npm manifest: 
  {
    "name": "terraform-icon-audit",
    "version": "1.0.0",
    "description": "",
    "main": "index.js",
    "scripts": {
      "test": "echo \"Error: no test specified\" && exit 1"
    },
    "author": "",
    "license": "ISC",
    "dependencies": {
      "@hashicorp/structure-icons": "^1.3.0",
    }
  }

yarn manifest: 
  No manifest

Lockfile: 
  # THIS IS AN AUTOGENERATED FILE. DO NOT EDIT THIS FILE DIRECTLY.
  # yarn lockfile v1
  
  
  "@hashicorp/structure-icons@^1.3.0":
    version "1.3.0"
    resolved "https://registry.yarnpkg.com/@hashicorp/structure-icons/-/structure-icons-1.3.0.tgz#1c7c1cb43a1c1aa92b073a7aa7956495ae14c3e0"
    integrity sha512-wTKpdaAPphEY2kg5QbQTSUlhqLTpBBR1+1dXp4LYTN0PtMSpetyDDDhcSyvKE8i4h2nwPJBRRfeFlE1snaHd7w==
  
  insert-css@0.0.0:
    version "0.0.0"
    resolved "https://registry.yarnpkg.com/insert-css/-/insert-css-0.0.0.tgz#2304bfa6f893abecb8ff9ca8d9c7605d94cf2911"
    integrity sha1-IwS/pviTq+y4/5yo2cdgXZTPKRE=
  
  normalize-css@^2.3.1:
    version "2.3.1"
    resolved "https://registry.yarnpkg.com/normalize-css/-/normalize-css-2.3.1.tgz#fc03e3b91e3a51aa7a1836bae7b2b6ac6d51e156"
    integrity sha1-/APjuR46Uap6GDa657K2rG1R4VY=
    dependencies:
      insert-css "0.0.0"
  
  tachyons@^4.11.1:
    version "4.11.1"
    resolved "https://registry.yarnpkg.com/tachyons/-/tachyons-4.11.1.tgz#4e3666e7299e47aea7d820e0580dd4dc07cf3feb"
    integrity sha512-n5zIZ8i8kZ8vz05vX1BdvkP8b9ufsMeSRmdqTuUtz5rlNxr03nntiZMc/HTADIsPYZj/wZJDJglxV0/yvvaiZA==
